<?xml version="1.0" encoding="UTF-8"?>
<testsuite xmlns:xsi="http://www.w3.org/2001/XMLSchema-instance" xsi:noNamespaceSchemaLocation="https://maven.apache.org/surefire/maven-surefire-plugin/xsd/surefire-test-report.xsd" name="Homework4Test" time="0.023" tests="12" errors="0" skipped="0" failures="0">
  <properties>
[...]
</properties>
  <testcase name="Test10" classname="Homework4Test" time="0.01"/>
  <testcase name="Test11" classname="Homework4Test" time="0"/>
  <testcase name="Test12" classname="Homework4Test" time="0"/>
  <testcase name="Test1" classname="Homework4Test" time="0.001"/>
  <testcase name="Test2" classname="Homework4Test" time="0"/>
  <testcase name="Test3" classname="Homework4Test" time="0"/>
  <testcase name="Test4" classname="Homework4Test" time="0.001"/>
  <testcase name="Test5" classname="Homework4Test" time="0.001"/>
  <testcase name="Test6" classname="Homework4Test" time="0.001"/>
  <testcase name="Test7" classname="Homework4Test" time="0.001"/>
  <testcase name="Test8" classname="Homework4Test" time="0"/>
  <testcase name="Test9" classname="Homework4Test" time="0"/>
</testsuite>